[2025-05-20 23:12:26] Iniciando o processo de scraping do TVGuide.com
[2025-05-20 23:12:26] Verificando instalação dos navegadores do Playwright...
[2025-05-20 23:12:27] Navegadores do Playwright não encontrados: BrowserType.launch: Executable doesn't exist at /home/runner/.cache/ms-playwright/chromium_headless_shell-1169/chrome-linux/headless_shell
╔════════════════════════════════════════════════════════════╗
║ Looks like Playwright was just installed or updated.       ║
║ Please run the following command to download new browsers: ║
║                                                            ║
║     playwright install                                     ║
║                                                            ║
║ <3 Playwright Team                                         ║
╚════════════════════════════════════════════════════════════╝
[2025-05-20 23:12:27] Instalando navegadores do Playwright...
[2025-05-20 23:12:34] Navegadores do Playwright instalados com sucesso.
[2025-05-20 23:12:34] Usando user agent: Mozilla/5.0 (Macintosh; Intel Mac OS X 10_15_7) AppleWebKit/605.1.15 (KHTML, like Gecko) Version/15.0 Safari/605.1.15
[2025-05-20 23:12:34] Acessando https://www.tvguide.com/listings/
[2025-05-20 23:12:35] Página carregada com sucesso: status 200
[2025-05-20 23:12:37] Erro ao tentar fechar pop-ups: Locator.is_visible: Error: strict mode violation: locator("button[aria-label='Close']") resolved to 2 elements:
    1) <button aria-label="Close" class="onetrust-close-btn-handler onetrust-close-btn-ui banner-close-button ot-close-icon"></button> aka get_by_role("button", name="Close")
    2) <button aria-label="Close" class="ot-close-icon" id="close-pc-btn-handler"></button> aka get_by_label("Do Not Sell My Personal").get_by_label("Close")

Call log:
    - checking visibility of locator("button[aria-label='Close']")

[2025-05-20 23:12:37] Página carregou parcialmente, mas sem elementos de grade
[2025-05-20 23:12:37] Coletando programação para o dia 2025-05-20
[2025-05-20 23:12:37] Coletando todos os horários para 2025-05-20
[2025-05-20 23:12:38] Não foi possível identificar o horário atual
[2025-05-20 23:12:38] Botão de próximo horário não disponível, finalizando coleta do dia
[2025-05-20 23:12:38] Coletando programação para o dia 2025-05-21
[2025-05-20 23:12:38] Navegando para a data: 2025-05-21
[2025-05-20 23:12:38] Acessando https://www.tvguide.com/listings/?date=2025-05-21
[2025-05-20 23:12:38] Página carregada com sucesso: status 200
[2025-05-20 23:12:40] Página carregou parcialmente, mas sem elementos de grade
[2025-05-20 23:12:40] Navegação para data 2025-05-21 bem-sucedida via URL
[2025-05-20 23:12:40] Coletando todos os horários para 2025-05-21
[2025-05-20 23:12:40] Não foi possível identificar o horário atual
[2025-05-20 23:12:40] Botão de próximo horário não disponível, finalizando coleta do dia
[2025-05-20 23:12:40] Coletando programação para o dia 2025-05-22
[2025-05-20 23:12:40] Navegando para a data: 2025-05-22
[2025-05-20 23:12:40] Acessando https://www.tvguide.com/listings/?date=2025-05-22
[2025-05-20 23:12:40] Página carregada com sucesso: status 200
[2025-05-20 23:12:42] Página carregou parcialmente, mas sem elementos de grade
[2025-05-20 23:12:42] Navegação para data 2025-05-22 bem-sucedida via URL
[2025-05-20 23:12:42] Coletando todos os horários para 2025-05-22
[2025-05-20 23:12:43] Não foi possível identificar o horário atual
[2025-05-20 23:12:43] Botão de próximo horário não disponível, finalizando coleta do dia
[2025-05-20 23:12:43] Nenhum dado foi coletado. Usando dados de exemplo para testes.
[2025-05-20 23:12:43] Gerando dados de exemplo para garantir saída válida
[2025-05-20 23:12:43] Gerando arquivo XMLTV
[2025-05-20 23:12:43] Arquivo XMLTV gerado: /home/runner/work/JCTN/JCTN/tvguide_listings.xml
[2025-05-20 23:12:43] Comprimindo arquivo XML para /home/runner/work/JCTN/JCTN/tvguide_listings.xml.xz
[2025-05-20 23:12:43] Arquivo comprimido gerado: /home/runner/work/JCTN/JCTN/tvguide_listings.xml.xz
[2025-05-20 23:12:43] Dados brutos salvos em: /home/runner/work/JCTN/JCTN/tvguide_raw_data.json
[2025-05-20 23:22:30] Iniciando o processo de scraping do TVGuide.com
[2025-05-20 23:22:30] Verificando instalação do ChromeDriver...
[2025-05-20 23:22:30] ChromeDriver encontrado em: /usr/bin/chromedriver
[2025-05-20 23:22:30] Usando user agent: Mozilla/5.0 (X11; Linux x86_64) AppleWebKit/537.36 (KHTML, like Gecko) Chrome/92.0.4515.107 Safari/537.36
[2025-05-20 23:22:30] Inicializando o driver do Chrome...
[2025-05-20 23:22:48] Acessando https://www.tvguide.com/listings/
[2025-05-20 23:22:53] Página carregada com sucesso: título 'TV Guide, TV Listings, Online Videos, Entertainment News and Celebrity News - TV Guide'
[2025-05-20 23:22:54] Fechado pop-up: button[aria-label='Close']
[2025-05-20 23:23:11] Página carregou parcialmente, mas sem elementos de grade
[2025-05-20 23:23:11] Coletando programação para o dia 2025-05-20
[2025-05-20 23:23:11] Coletando todos os horários para 2025-05-20
[2025-05-20 23:23:11] Não foi possível identificar o horário atual
[2025-05-20 23:23:16] Botão de próximo horário não encontrado, finalizando coleta do dia
[2025-05-20 23:23:16] Coletando programação para o dia 2025-05-21
[2025-05-20 23:23:16] Navegando para a data: 2025-05-21
[2025-05-20 23:23:16] Acessando https://www.tvguide.com/listings/?date=2025-05-21
[2025-05-20 23:23:20] Página carregada com sucesso: título 'TV Guide, TV Listings, Online Videos, Entertainment News and Celebrity News - TV Guide'
[2025-05-20 23:23:20] Página carregou parcialmente, mas sem elementos de grade
[2025-05-20 23:23:20] Navegação para data 2025-05-21 bem-sucedida via URL
[2025-05-20 23:23:20] Coletando todos os horários para 2025-05-21
[2025-05-20 23:23:20] Não foi possível identificar o horário atual
[2025-05-20 23:23:25] Botão de próximo horário não encontrado, finalizando coleta do dia
[2025-05-20 23:23:25] Coletando programação para o dia 2025-05-22
[2025-05-20 23:23:25] Navegando para a data: 2025-05-22
[2025-05-20 23:23:25] Acessando https://www.tvguide.com/listings/?date=2025-05-22
[2025-05-20 23:23:30] Página carregada com sucesso: título 'TV Guide, TV Listings, Online Videos, Entertainment News and Celebrity News - TV Guide'
[2025-05-20 23:23:30] Página carregou parcialmente, mas sem elementos de grade
[2025-05-20 23:23:30] Navegação para data 2025-05-22 bem-sucedida via URL
[2025-05-20 23:23:30] Coletando todos os horários para 2025-05-22
[2025-05-20 23:23:30] Não foi possível identificar o horário atual
[2025-05-20 23:23:35] Botão de próximo horário não encontrado, finalizando coleta do dia
[2025-05-20 23:23:35] Nenhum dado foi coletado. Usando dados de exemplo para testes.
[2025-05-20 23:23:35] Gerando dados de exemplo para garantir saída válida
[2025-05-20 23:23:35] Gerando arquivo XMLTV
[2025-05-20 23:23:35] Arquivo XMLTV gerado: /home/runner/work/JCTN/JCTN/tvguide_listings.xml
[2025-05-20 23:23:35] Comprimindo arquivo XML para /home/runner/work/JCTN/JCTN/tvguide_listings.xml.xz
[2025-05-20 23:23:35] Arquivo comprimido gerado: /home/runner/work/JCTN/JCTN/tvguide_listings.xml.xz
[2025-05-20 23:23:35] Dados brutos salvos em: /home/runner/work/JCTN/JCTN/tvguide_raw_data.json
[2025-05-20 23:37:30] Iniciando o processo de scraping do TVGuide.com
[2025-05-20 23:37:30] Verificando instalação do ChromeDriver...
[2025-05-20 23:37:30] ChromeDriver encontrado em: /usr/bin/chromedriver
[2025-05-20 23:37:30] Usando user agent: Mozilla/5.0 (Macintosh; Intel Mac OS X 10_15_7) AppleWebKit/605.1.15 (KHTML, like Gecko) Version/15.0 Safari/605.1.15
[2025-05-20 23:37:30] Inicializando o driver do Chrome...
[2025-05-20 23:37:32] Acessando https://www.tvguide.com/listings/
[2025-05-20 23:37:35] Página carregada com sucesso: título 'TV Guide, TV Listings, Online Videos, Entertainment News and Celebrity News - TV Guide'
[2025-05-20 23:37:35] Fechado pop-up: button[aria-label='Close']
[2025-05-20 23:37:52] Página carregou parcialmente, mas sem elementos de grade
[2025-05-20 23:37:52] Coletando programação para o dia 2025-05-20
[2025-05-20 23:37:52] Coletando todos os horários para 2025-05-20
[2025-05-20 23:37:52] Não foi possível identificar o horário atual
[2025-05-20 23:37:57] Botão de próximo horário não encontrado, finalizando coleta do dia
[2025-05-20 23:37:57] Coletando programação para o dia 2025-05-21
[2025-05-20 23:37:57] Navegando para a data: 2025-05-21
[2025-05-20 23:37:57] Acessando https://www.tvguide.com/listings/?date=2025-05-21
[2025-05-20 23:38:01] Página carregada com sucesso: título 'TV Guide, TV Listings, Online Videos, Entertainment News and Celebrity News - TV Guide'
[2025-05-20 23:38:01] Página carregou parcialmente, mas sem elementos de grade
[2025-05-20 23:38:01] Navegação para data 2025-05-21 bem-sucedida via URL
[2025-05-20 23:38:01] Coletando todos os horários para 2025-05-21
[2025-05-20 23:38:01] Não foi possível identificar o horário atual
[2025-05-20 23:38:06] Botão de próximo horário não encontrado, finalizando coleta do dia
[2025-05-20 23:38:06] Coletando programação para o dia 2025-05-22
[2025-05-20 23:38:06] Navegando para a data: 2025-05-22
[2025-05-20 23:38:06] Acessando https://www.tvguide.com/listings/?date=2025-05-22
[2025-05-20 23:38:10] Página carregada com sucesso: título 'TV Guide, TV Listings, Online Videos, Entertainment News and Celebrity News - TV Guide'
[2025-05-20 23:38:10] Página carregou parcialmente, mas sem elementos de grade
[2025-05-20 23:38:10] Navegação para data 2025-05-22 bem-sucedida via URL
[2025-05-20 23:38:10] Coletando todos os horários para 2025-05-22
[2025-05-20 23:38:10] Não foi possível identificar o horário atual
[2025-05-20 23:38:15] Botão de próximo horário não encontrado, finalizando coleta do dia
[2025-05-20 23:38:15] Nenhum dado foi coletado. Usando dados de exemplo para testes.
[2025-05-20 23:38:15] Gerando dados de exemplo para garantir saída válida
[2025-05-20 23:38:15] Gerando arquivo XMLTV
[2025-05-20 23:38:15] Arquivo XMLTV gerado: /home/runner/work/JCTN/JCTN/tvguide_listings.xml
[2025-05-20 23:38:15] Comprimindo arquivo XML para /home/runner/work/JCTN/JCTN/tvguide_listings.xml.xz
[2025-05-20 23:38:15] Arquivo comprimido gerado: /home/runner/work/JCTN/JCTN/tvguide_listings.xml.xz
[2025-05-20 23:38:15] Dados brutos salvos em: /home/runner/work/JCTN/JCTN/tvguide_raw_data.json
[2025-05-20 23:41:12] Iniciando o processo de scraping do TVGuide.com
[2025-05-20 23:41:12] Verificando instalação do ChromeDriver...
[2025-05-20 23:41:12] ChromeDriver encontrado em: /usr/bin/chromedriver
[2025-05-20 23:41:12] Usando user agent: Mozilla/5.0 (Windows NT 10.0; Win64; x64; rv:90.0) Gecko/20100101 Firefox/90.0
[2025-05-20 23:41:12] Inicializando o driver do Chrome...
[2025-05-20 23:41:14] Acessando https://www.tvguide.com/listings/
[2025-05-20 23:41:17] Página carregada com sucesso: título 'TV Guide, TV Listings, Online Videos, Entertainment News and Celebrity News - TV Guide'
[2025-05-20 23:41:18] Fechado pop-up: button[aria-label='Close']
[2025-05-20 23:41:34] Página carregou parcialmente, mas sem elementos de grade
[2025-05-20 23:41:34] Coletando programação para o dia 2025-05-20
[2025-05-20 23:41:34] Coletando todos os horários para 2025-05-20
[2025-05-20 23:41:34] Não foi possível identificar o horário atual
[2025-05-20 23:41:39] Botão de próximo horário não encontrado, finalizando coleta do dia
[2025-05-20 23:41:39] Coletando programação para o dia 2025-05-21
[2025-05-20 23:41:39] Navegando para a data: 2025-05-21
[2025-05-20 23:41:39] Acessando https://www.tvguide.com/listings/?date=2025-05-21
[2025-05-20 23:41:43] Página carregada com sucesso: título 'TV Guide, TV Listings, Online Videos, Entertainment News and Celebrity News - TV Guide'
[2025-05-20 23:41:45] Página carregou parcialmente, mas sem elementos de grade
[2025-05-20 23:41:45] Navegação para data 2025-05-21 bem-sucedida via URL
[2025-05-20 23:41:45] Coletando todos os horários para 2025-05-21
[2025-05-20 23:41:45] Não foi possível identificar o horário atual
[2025-05-20 23:41:50] Botão de próximo horário não encontrado, finalizando coleta do dia
[2025-05-20 23:41:50] Coletando programação para o dia 2025-05-22
[2025-05-20 23:41:50] Navegando para a data: 2025-05-22
[2025-05-20 23:41:50] Acessando https://www.tvguide.com/listings/?date=2025-05-22
[2025-05-20 23:41:54] Página carregada com sucesso: título 'TV Guide, TV Listings, Online Videos, Entertainment News and Celebrity News - TV Guide'
[2025-05-20 23:41:54] Página carregou parcialmente, mas sem elementos de grade
[2025-05-20 23:41:54] Navegação para data 2025-05-22 bem-sucedida via URL
[2025-05-20 23:41:54] Coletando todos os horários para 2025-05-22
[2025-05-20 23:41:54] Não foi possível identificar o horário atual
[2025-05-20 23:41:59] Botão de próximo horário não encontrado, finalizando coleta do dia
[2025-05-20 23:41:59] Nenhum dado foi coletado. Usando dados de exemplo para testes.
[2025-05-20 23:41:59] Gerando dados de exemplo para garantir saída válida
[2025-05-20 23:41:59] Gerando arquivo XMLTV
[2025-05-20 23:41:59] Arquivo XMLTV gerado: /home/runner/work/JCTN/JCTN/tvguide_listings.xml
[2025-05-20 23:41:59] Comprimindo arquivo XML para /home/runner/work/JCTN/JCTN/tvguide_listings.xml.xz
[2025-05-20 23:41:59] Arquivo comprimido gerado: /home/runner/work/JCTN/JCTN/tvguide_listings.xml.xz
[2025-05-20 23:41:59] Dados brutos salvos em: /home/runner/work/JCTN/JCTN/tvguide_raw_data.json
[2025-05-21 02:00:46] Iniciando o processo de scraping do TVGuide.com
[2025-05-21 02:00:46] Verificando instalação do ChromeDriver...
[2025-05-21 02:00:46] ChromeDriver encontrado em: /usr/bin/chromedriver
[2025-05-21 02:00:46] Usando user agent: Mozilla/5.0 (Windows NT 10.0; Win64; x64; rv:90.0) Gecko/20100101 Firefox/90.0
[2025-05-21 02:00:46] Inicializando o driver do Chrome...
[2025-05-21 02:00:47] Acessando https://www.tvguide.com/listings/
[2025-05-21 02:00:51] Página carregada com sucesso: título 'TV Guide, TV Listings, Online Videos, Entertainment News and Celebrity News - TV Guide'
[2025-05-21 02:00:51] Fechado pop-up: button[aria-label='Close']
[2025-05-21 02:01:08] Página carregou parcialmente, mas sem elementos de grade
[2025-05-21 02:01:08] Coletando programação para o dia 2025-05-21
[2025-05-21 02:01:08] Coletando todos os horários para 2025-05-21
[2025-05-21 02:01:08] Não foi possível identificar o horário atual
[2025-05-21 02:01:13] Botão de próximo horário não encontrado, finalizando coleta do dia
[2025-05-21 02:01:13] Coletando programação para o dia 2025-05-22
[2025-05-21 02:01:13] Navegando para a data: 2025-05-22
[2025-05-21 02:01:13] Acessando https://www.tvguide.com/listings/?date=2025-05-22
[2025-05-21 02:01:18] Página carregada com sucesso: título 'TV Guide, TV Listings, Online Videos, Entertainment News and Celebrity News - TV Guide'
[2025-05-21 02:01:18] Página carregou parcialmente, mas sem elementos de grade
[2025-05-21 02:01:18] Navegação para data 2025-05-22 bem-sucedida via URL
[2025-05-21 02:01:18] Coletando todos os horários para 2025-05-22
[2025-05-21 02:01:18] Não foi possível identificar o horário atual
[2025-05-21 02:01:24] Botão de próximo horário não encontrado, finalizando coleta do dia
[2025-05-21 02:01:24] Coletando programação para o dia 2025-05-23
[2025-05-21 02:01:24] Navegando para a data: 2025-05-23
[2025-05-21 02:01:24] Acessando https://www.tvguide.com/listings/?date=2025-05-23
[2025-05-21 02:01:29] Página carregada com sucesso: título 'TV Guide, TV Listings, Online Videos, Entertainment News and Celebrity News - TV Guide'
[2025-05-21 02:01:29] Página carregou parcialmente, mas sem elementos de grade
[2025-05-21 02:01:29] Navegação para data 2025-05-23 bem-sucedida via URL
[2025-05-21 02:01:29] Coletando todos os horários para 2025-05-23
[2025-05-21 02:01:29] Não foi possível identificar o horário atual
[2025-05-21 02:01:34] Botão de próximo horário não encontrado, finalizando coleta do dia
[2025-05-21 02:01:34] Nenhum dado foi coletado. Usando dados de exemplo para testes.
[2025-05-21 02:01:34] Gerando dados de exemplo para garantir saída válida
[2025-05-21 02:01:34] Gerando arquivo XMLTV
[2025-05-21 02:01:34] Arquivo XMLTV gerado: /home/runner/work/JCTN/JCTN/tvguide_listings.xml
[2025-05-21 02:01:34] Comprimindo arquivo XML para /home/runner/work/JCTN/JCTN/tvguide_listings.xml.xz
[2025-05-21 02:01:34] Arquivo comprimido gerado: /home/runner/work/JCTN/JCTN/tvguide_listings.xml.xz
[2025-05-21 02:01:34] Dados brutos salvos em: /home/runner/work/JCTN/JCTN/tvguide_raw_data.json
[2025-05-21 03:30:21] Iniciando o processo de scraping do TVGuide.com
[2025-05-21 03:30:21] Verificando instalação do ChromeDriver...
[2025-05-21 03:30:21] ChromeDriver encontrado em: /usr/bin/chromedriver
[2025-05-21 03:30:21] Usando user agent: Mozilla/5.0 (Macintosh; Intel Mac OS X 10_15_7) AppleWebKit/605.1.15 (KHTML, like Gecko) Version/15.0 Safari/605.1.15
[2025-05-21 03:30:21] Inicializando o driver do Chrome...
[2025-05-21 03:30:31] Acessando https://www.tvguide.com/listings/
[2025-05-21 03:30:34] Página carregada com sucesso: título 'TV Guide, TV Listings, Online Videos, Entertainment News and Celebrity News - TV Guide'
[2025-05-21 03:30:35] Fechado pop-up: button[aria-label='Close']
[2025-05-21 03:30:51] Página carregou parcialmente, mas sem elementos de grade
[2025-05-21 03:30:51] Coletando programação para o dia 2025-05-21
[2025-05-21 03:30:51] Coletando todos os horários para 2025-05-21
[2025-05-21 03:30:51] Não foi possível identificar o horário atual
[2025-05-21 03:30:57] Botão de próximo horário não encontrado, finalizando coleta do dia
[2025-05-21 03:30:57] Coletando programação para o dia 2025-05-22
[2025-05-21 03:30:57] Navegando para a data: 2025-05-22
[2025-05-21 03:30:57] Acessando https://www.tvguide.com/listings/?date=2025-05-22
[2025-05-21 03:31:00] Página carregada com sucesso: título 'TV Guide, TV Listings, Online Videos, Entertainment News and Celebrity News - TV Guide'
[2025-05-21 03:31:00] Página carregou parcialmente, mas sem elementos de grade
[2025-05-21 03:31:00] Navegação para data 2025-05-22 bem-sucedida via URL
[2025-05-21 03:31:00] Coletando todos os horários para 2025-05-22
[2025-05-21 03:31:00] Não foi possível identificar o horário atual
[2025-05-21 03:31:05] Botão de próximo horário não encontrado, finalizando coleta do dia
[2025-05-21 03:31:05] Coletando programação para o dia 2025-05-23
[2025-05-21 03:31:05] Navegando para a data: 2025-05-23
[2025-05-21 03:31:05] Acessando https://www.tvguide.com/listings/?date=2025-05-23
[2025-05-21 03:31:09] Página carregada com sucesso: título 'TV Guide, TV Listings, Online Videos, Entertainment News and Celebrity News - TV Guide'
[2025-05-21 03:31:09] Página carregou parcialmente, mas sem elementos de grade
[2025-05-21 03:31:09] Navegação para data 2025-05-23 bem-sucedida via URL
[2025-05-21 03:31:09] Coletando todos os horários para 2025-05-23
[2025-05-21 03:31:09] Não foi possível identificar o horário atual
[2025-05-21 03:31:14] Botão de próximo horário não encontrado, finalizando coleta do dia
[2025-05-21 03:31:14] Nenhum dado foi coletado. Usando dados de exemplo para testes.
[2025-05-21 03:31:14] Gerando dados de exemplo para garantir saída válida
[2025-05-21 03:31:14] Gerando arquivo XMLTV
[2025-05-21 03:31:14] Arquivo XMLTV gerado: /home/runner/work/JCTN/JCTN/tvguide_listings.xml
[2025-05-21 03:31:14] Comprimindo arquivo XML para /home/runner/work/JCTN/JCTN/tvguide_listings.xml.xz
[2025-05-21 03:31:14] Arquivo comprimido gerado: /home/runner/work/JCTN/JCTN/tvguide_listings.xml.xz
[2025-05-21 03:31:14] Dados brutos salvos em: /home/runner/work/JCTN/JCTN/tvguide_raw_data.json
[2025-05-21 03:58:19] Iniciando o processo de scraping do TVGuide.com
[2025-05-21 03:58:19] Verificando instalação do ChromeDriver...
[2025-05-21 03:58:19] ChromeDriver encontrado em: /usr/bin/chromedriver
[2025-05-21 03:58:19] Usando user agent: Mozilla/5.0 (Macintosh; Intel Mac OS X 10_15_7) AppleWebKit/605.1.15 (KHTML, like Gecko) Version/15.0 Safari/605.1.15
[2025-05-21 03:58:19] Inicializando o driver do Chrome...
[2025-05-21 03:58:29] Acessando https://www.tvguide.com/listings/
[2025-05-21 03:58:33] Página carregada com sucesso: título 'TV Guide, TV Listings, Online Videos, Entertainment News and Celebrity News - TV Guide'
[2025-05-21 03:58:33] Fechado pop-up: button[aria-label='Close']
[2025-05-21 03:58:52] Página carregou parcialmente, mas sem elementos de grade
[2025-05-21 03:58:52] Coletando programação para o dia 2025-05-21
[2025-05-21 03:58:52] Coletando todos os horários para 2025-05-21
[2025-05-21 03:58:52] Não foi possível identificar o horário atual
[2025-05-21 03:58:57] Botão de próximo horário não encontrado, finalizando coleta do dia
[2025-05-21 03:58:57] Coletando programação para o dia 2025-05-22
[2025-05-21 03:58:57] Navegando para a data: 2025-05-22
[2025-05-21 03:58:57] Acessando https://www.tvguide.com/listings/?date=2025-05-22
[2025-05-21 03:59:17] Página carregada com sucesso: título 'TV Guide, TV Listings, Online Videos, Entertainment News and Celebrity News - TV Guide'
[2025-05-21 03:59:18] Página carregou parcialmente, mas sem elementos de grade
[2025-05-21 03:59:18] Navegação para data 2025-05-22 bem-sucedida via URL
[2025-05-21 03:59:18] Coletando todos os horários para 2025-05-22
[2025-05-21 03:59:18] Não foi possível identificar o horário atual
[2025-05-21 03:59:23] Botão de próximo horário não encontrado, finalizando coleta do dia
[2025-05-21 03:59:23] Coletando programação para o dia 2025-05-23
[2025-05-21 03:59:23] Navegando para a data: 2025-05-23
[2025-05-21 03:59:23] Acessando https://www.tvguide.com/listings/?date=2025-05-23
[2025-05-21 03:59:34] Página carregada com sucesso: título 'TV Guide, TV Listings, Online Videos, Entertainment News and Celebrity News - TV Guide'
[2025-05-21 03:59:34] Página carregou parcialmente, mas sem elementos de grade
[2025-05-21 03:59:34] Navegação para data 2025-05-23 bem-sucedida via URL
[2025-05-21 03:59:34] Coletando todos os horários para 2025-05-23
[2025-05-21 03:59:34] Não foi possível identificar o horário atual
[2025-05-21 03:59:40] Botão de próximo horário não encontrado, finalizando coleta do dia
[2025-05-21 03:59:40] Nenhum dado foi coletado. Usando dados de exemplo para testes.
[2025-05-21 03:59:40] Gerando dados de exemplo para garantir saída válida
[2025-05-21 03:59:40] Gerando arquivo XMLTV
[2025-05-21 03:59:40] Arquivo XMLTV gerado: /home/runner/work/JCTN/JCTN/tvguide_listings.xml
[2025-05-21 03:59:40] Comprimindo arquivo XML para /home/runner/work/JCTN/JCTN/tvguide_listings.xml.xz
[2025-05-21 03:59:40] Arquivo comprimido gerado: /home/runner/work/JCTN/JCTN/tvguide_listings.xml.xz
[2025-05-21 03:59:40] Dados brutos salvos em: /home/runner/work/JCTN/JCTN/tvguide_raw_data.json
[2025-05-21 05:25:04] Iniciando o processo de scraping do TVGuide.com
[2025-05-21 05:25:04] Verificando instalação do ChromeDriver...
[2025-05-21 05:25:04] ChromeDriver encontrado em: /usr/bin/chromedriver
[2025-05-21 05:25:04] Usando user agent: Mozilla/5.0 (Macintosh; Intel Mac OS X 10_15_7) AppleWebKit/605.1.15 (KHTML, like Gecko) Version/15.0 Safari/605.1.15
[2025-05-21 05:25:04] Inicializando o driver do Chrome...
[2025-05-21 05:25:14] Acessando https://www.tvguide.com/listings/
[2025-05-21 05:25:17] Página carregada com sucesso: título 'TV Guide, TV Listings, Online Videos, Entertainment News and Celebrity News - TV Guide'
[2025-05-21 05:25:17] Fechado pop-up: button[aria-label='Close']
[2025-05-21 05:25:34] Página carregou parcialmente, mas sem elementos de grade
[2025-05-21 05:25:34] Coletando programação para o dia 2025-05-21
[2025-05-21 05:25:34] Coletando todos os horários para 2025-05-21
[2025-05-21 05:25:34] Não foi possível identificar o horário atual
[2025-05-21 05:25:40] Botão de próximo horário não encontrado, finalizando coleta do dia
[2025-05-21 05:25:40] Coletando programação para o dia 2025-05-22
[2025-05-21 05:25:40] Navegando para a data: 2025-05-22
[2025-05-21 05:25:40] Acessando https://www.tvguide.com/listings/?date=2025-05-22
[2025-05-21 05:25:44] Página carregada com sucesso: título 'TV Guide, TV Listings, Online Videos, Entertainment News and Celebrity News - TV Guide'
[2025-05-21 05:25:44] Página carregou parcialmente, mas sem elementos de grade
[2025-05-21 05:25:44] Navegação para data 2025-05-22 bem-sucedida via URL
[2025-05-21 05:25:44] Coletando todos os horários para 2025-05-22
[2025-05-21 05:25:44] Não foi possível identificar o horário atual
[2025-05-21 05:25:49] Botão de próximo horário não encontrado, finalizando coleta do dia
[2025-05-21 05:25:49] Coletando programação para o dia 2025-05-23
[2025-05-21 05:25:49] Navegando para a data: 2025-05-23
[2025-05-21 05:25:49] Acessando https://www.tvguide.com/listings/?date=2025-05-23
[2025-05-21 05:25:53] Página carregada com sucesso: título 'TV Guide, TV Listings, Online Videos, Entertainment News and Celebrity News - TV Guide'
[2025-05-21 05:25:53] Página carregou parcialmente, mas sem elementos de grade
[2025-05-21 05:25:53] Navegação para data 2025-05-23 bem-sucedida via URL
[2025-05-21 05:25:53] Coletando todos os horários para 2025-05-23
[2025-05-21 05:25:53] Não foi possível identificar o horário atual
[2025-05-21 05:25:58] Botão de próximo horário não encontrado, finalizando coleta do dia
[2025-05-21 05:25:58] Nenhum dado foi coletado. Usando dados de exemplo para testes.
[2025-05-21 05:25:58] Gerando dados de exemplo para garantir saída válida
[2025-05-21 05:25:58] Gerando arquivo XMLTV
[2025-05-21 05:25:58] Arquivo XMLTV gerado: /home/runner/work/JCTN/JCTN/tvguide_listings.xml
[2025-05-21 05:25:58] Comprimindo arquivo XML para /home/runner/work/JCTN/JCTN/tvguide_listings.xml.xz
[2025-05-21 05:25:58] Arquivo comprimido gerado: /home/runner/work/JCTN/JCTN/tvguide_listings.xml.xz
[2025-05-21 05:25:58] Dados brutos salvos em: /home/runner/work/JCTN/JCTN/tvguide_raw_data.json
[2025-05-21 05:44:44] Iniciando o processo de scraping do TVGuide.com
[2025-05-21 05:44:44] Verificando instalação do ChromeDriver...
[2025-05-21 05:44:44] ChromeDriver encontrado em: /usr/bin/chromedriver
[2025-05-21 05:44:44] Usando user agent: Mozilla/5.0 (Windows NT 10.0; Win64; x64; rv:90.0) Gecko/20100101 Firefox/90.0
[2025-05-21 05:44:44] Inicializando o driver do Chrome...
[2025-05-21 05:44:45] Acessando https://www.tvguide.com/listings/
[2025-05-21 05:44:48] Página carregada com sucesso: título 'TV Guide, TV Listings, Online Videos, Entertainment News and Celebrity News - TV Guide'
[2025-05-21 05:44:48] Fechado pop-up: button[aria-label='Close']
[2025-05-21 05:45:06] Página carregou parcialmente, mas sem elementos de grade
[2025-05-21 05:45:06] Coletando programação para o dia 2025-05-21
[2025-05-21 05:45:06] Coletando todos os horários para 2025-05-21
[2025-05-21 05:45:06] Não foi possível identificar o horário atual
[2025-05-21 05:45:11] Botão de próximo horário não encontrado, finalizando coleta do dia
[2025-05-21 05:45:11] Coletando programação para o dia 2025-05-22
[2025-05-21 05:45:11] Navegando para a data: 2025-05-22
[2025-05-21 05:45:11] Acessando https://www.tvguide.com/listings/?date=2025-05-22
[2025-05-21 05:45:17] Página carregada com sucesso: título 'TV Guide, TV Listings, Online Videos, Entertainment News and Celebrity News - TV Guide'
[2025-05-21 05:45:17] Página carregou parcialmente, mas sem elementos de grade
[2025-05-21 05:45:17] Navegação para data 2025-05-22 bem-sucedida via URL
[2025-05-21 05:45:17] Coletando todos os horários para 2025-05-22
[2025-05-21 05:45:17] Não foi possível identificar o horário atual
[2025-05-21 05:45:22] Botão de próximo horário não encontrado, finalizando coleta do dia
[2025-05-21 05:45:22] Coletando programação para o dia 2025-05-23
[2025-05-21 05:45:22] Navegando para a data: 2025-05-23
[2025-05-21 05:45:22] Acessando https://www.tvguide.com/listings/?date=2025-05-23
[2025-05-21 05:45:27] Página carregada com sucesso: título 'TV Guide, TV Listings, Online Videos, Entertainment News and Celebrity News - TV Guide'
[2025-05-21 05:45:27] Página carregou parcialmente, mas sem elementos de grade
[2025-05-21 05:45:27] Navegação para data 2025-05-23 bem-sucedida via URL
[2025-05-21 05:45:27] Coletando todos os horários para 2025-05-23
[2025-05-21 05:45:27] Não foi possível identificar o horário atual
[2025-05-21 05:45:33] Botão de próximo horário não encontrado, finalizando coleta do dia
[2025-05-21 05:45:33] Nenhum dado foi coletado. Usando dados de exemplo para testes.
[2025-05-21 05:45:33] Gerando dados de exemplo para garantir saída válida
[2025-05-21 05:45:33] Gerando arquivo XMLTV
[2025-05-21 05:45:33] Arquivo XMLTV gerado: /home/runner/work/JCTN/JCTN/tvguide_listings.xml
[2025-05-21 05:45:33] Comprimindo arquivo XML para /home/runner/work/JCTN/JCTN/tvguide_listings.xml.xz
[2025-05-21 05:45:33] Arquivo comprimido gerado: /home/runner/work/JCTN/JCTN/tvguide_listings.xml.xz
[2025-05-21 05:45:33] Dados brutos salvos em: /home/runner/work/JCTN/JCTN/tvguide_raw_data.json
[2025-05-21 06:35:37] Iniciando o processo de scraping do TVGuide.com
[2025-05-21 06:35:37] Verificando instalação do ChromeDriver...
[2025-05-21 06:35:37] ChromeDriver encontrado em: /usr/bin/chromedriver
[2025-05-21 06:35:37] Usando user agent: Mozilla/5.0 (Windows NT 10.0; Win64; x64; rv:90.0) Gecko/20100101 Firefox/90.0
[2025-05-21 06:35:37] Inicializando o driver do Chrome...
[2025-05-21 06:35:52] Acessando https://www.tvguide.com/listings/
[2025-05-21 06:35:57] Página carregada com sucesso: título 'TV Guide, TV Listings, Online Videos, Entertainment News and Celebrity News - TV Guide'
[2025-05-21 06:35:57] Fechado pop-up: button[aria-label='Close']
[2025-05-21 06:36:14] Página carregou parcialmente, mas sem elementos de grade
[2025-05-21 06:36:14] Coletando programação para o dia 2025-05-21
[2025-05-21 06:36:14] Coletando todos os horários para 2025-05-21
[2025-05-21 06:36:15] Não foi possível identificar o horário atual
[2025-05-21 06:36:20] Botão de próximo horário não encontrado, finalizando coleta do dia
[2025-05-21 06:36:20] Coletando programação para o dia 2025-05-22
[2025-05-21 06:36:20] Navegando para a data: 2025-05-22
[2025-05-21 06:36:20] Acessando https://www.tvguide.com/listings/?date=2025-05-22
[2025-05-21 06:36:24] Página carregada com sucesso: título 'TV Guide, TV Listings, Online Videos, Entertainment News and Celebrity News - TV Guide'
[2025-05-21 06:36:24] Página carregou parcialmente, mas sem elementos de grade
[2025-05-21 06:36:24] Navegação para data 2025-05-22 bem-sucedida via URL
[2025-05-21 06:36:24] Coletando todos os horários para 2025-05-22
[2025-05-21 06:36:24] Não foi possível identificar o horário atual
[2025-05-21 06:36:29] Botão de próximo horário não encontrado, finalizando coleta do dia
[2025-05-21 06:36:29] Coletando programação para o dia 2025-05-23
[2025-05-21 06:36:29] Navegando para a data: 2025-05-23
[2025-05-21 06:36:29] Acessando https://www.tvguide.com/listings/?date=2025-05-23
[2025-05-21 06:36:33] Página carregada com sucesso: título 'TV Guide, TV Listings, Online Videos, Entertainment News and Celebrity News - TV Guide'
[2025-05-21 06:36:33] Página carregou parcialmente, mas sem elementos de grade
[2025-05-21 06:36:33] Navegação para data 2025-05-23 bem-sucedida via URL
[2025-05-21 06:36:33] Coletando todos os horários para 2025-05-23
[2025-05-21 06:36:34] Não foi possível identificar o horário atual
[2025-05-21 06:36:39] Botão de próximo horário não encontrado, finalizando coleta do dia
[2025-05-21 06:36:39] Nenhum dado foi coletado. Usando dados de exemplo para testes.
[2025-05-21 06:36:39] Gerando dados de exemplo para garantir saída válida
[2025-05-21 06:36:39] Gerando arquivo XMLTV
[2025-05-21 06:36:39] Arquivo XMLTV gerado: /home/runner/work/JCTN/JCTN/tvguide_listings.xml
[2025-05-21 06:36:39] Comprimindo arquivo XML para /home/runner/work/JCTN/JCTN/tvguide_listings.xml.xz
[2025-05-21 06:36:39] Arquivo comprimido gerado: /home/runner/work/JCTN/JCTN/tvguide_listings.xml.xz
[2025-05-21 06:36:39] Dados brutos salvos em: /home/runner/work/JCTN/JCTN/tvguide_raw_data.json
[2025-05-21 07:23:55] Iniciando o processo de scraping do TVGuide.com
[2025-05-21 07:23:55] Verificando instalação do ChromeDriver...
[2025-05-21 07:23:55] ChromeDriver encontrado em: /usr/bin/chromedriver
[2025-05-21 07:23:55] Usando user agent: Mozilla/5.0 (X11; Linux x86_64) AppleWebKit/537.36 (KHTML, like Gecko) Chrome/92.0.4515.107 Safari/537.36
[2025-05-21 07:23:55] Inicializando o driver do Chrome...
[2025-05-21 07:24:05] Acessando https://www.tvguide.com/listings/
[2025-05-21 07:24:09] Página carregada com sucesso: título 'TV Guide, TV Listings, Online Videos, Entertainment News and Celebrity News - TV Guide'
[2025-05-21 07:24:10] Fechado pop-up: button[aria-label='Close']
[2025-05-21 07:24:27] Página carregou parcialmente, mas sem elementos de grade
[2025-05-21 07:24:27] Coletando programação para o dia 2025-05-21
[2025-05-21 07:24:27] Coletando todos os horários para 2025-05-21
[2025-05-21 07:24:27] Não foi possível identificar o horário atual
[2025-05-21 07:24:32] Botão de próximo horário não encontrado, finalizando coleta do dia
[2025-05-21 07:24:32] Coletando programação para o dia 2025-05-22
[2025-05-21 07:24:32] Navegando para a data: 2025-05-22
[2025-05-21 07:24:32] Acessando https://www.tvguide.com/listings/?date=2025-05-22
[2025-05-21 07:24:37] Página carregada com sucesso: título 'TV Guide, TV Listings, Online Videos, Entertainment News and Celebrity News - TV Guide'
[2025-05-21 07:24:37] Página carregou parcialmente, mas sem elementos de grade
[2025-05-21 07:24:37] Navegação para data 2025-05-22 bem-sucedida via URL
[2025-05-21 07:24:37] Coletando todos os horários para 2025-05-22
[2025-05-21 07:24:37] Não foi possível identificar o horário atual
[2025-05-21 07:24:42] Botão de próximo horário não encontrado, finalizando coleta do dia
[2025-05-21 07:24:42] Coletando programação para o dia 2025-05-23
[2025-05-21 07:24:42] Navegando para a data: 2025-05-23
[2025-05-21 07:24:42] Acessando https://www.tvguide.com/listings/?date=2025-05-23
[2025-05-21 07:24:48] Página carregada com sucesso: título 'TV Guide, TV Listings, Online Videos, Entertainment News and Celebrity News - TV Guide'
[2025-05-21 07:24:48] Página carregou parcialmente, mas sem elementos de grade
[2025-05-21 07:24:48] Navegação para data 2025-05-23 bem-sucedida via URL
[2025-05-21 07:24:48] Coletando todos os horários para 2025-05-23
[2025-05-21 07:24:48] Não foi possível identificar o horário atual
[2025-05-21 07:24:53] Botão de próximo horário não encontrado, finalizando coleta do dia
[2025-05-21 07:24:53] Nenhum dado foi coletado. Usando dados de exemplo para testes.
[2025-05-21 07:24:53] Gerando dados de exemplo para garantir saída válida
[2025-05-21 07:24:53] Gerando arquivo XMLTV
[2025-05-21 07:24:53] Arquivo XMLTV gerado: /home/runner/work/JCTN/JCTN/tvguide_listings.xml
[2025-05-21 07:24:53] Comprimindo arquivo XML para /home/runner/work/JCTN/JCTN/tvguide_listings.xml.xz
[2025-05-21 07:24:53] Arquivo comprimido gerado: /home/runner/work/JCTN/JCTN/tvguide_listings.xml.xz
[2025-05-21 07:24:53] Dados brutos salvos em: /home/runner/work/JCTN/JCTN/tvguide_raw_data.json
[2025-05-21 07:41:55] Iniciando o processo de scraping do TVGuide.com
[2025-05-21 07:41:55] Verificando instalação do ChromeDriver...
[2025-05-21 07:41:55] ChromeDriver encontrado em: /usr/bin/chromedriver
[2025-05-21 07:41:55] Usando user agent: Mozilla/5.0 (Windows NT 10.0; Win64; x64) AppleWebKit/537.36 (KHTML, like Gecko) Chrome/91.0.4472.124 Safari/537.36
[2025-05-21 07:41:55] Inicializando o driver do Chrome...
[2025-05-21 07:42:02] Acessando https://www.tvguide.com/listings/
[2025-05-21 07:42:06] Página carregada com sucesso: título 'TV Guide, TV Listings, Online Videos, Entertainment News and Celebrity News - TV Guide'
[2025-05-21 07:42:07] Fechado pop-up: button[aria-label='Close']
[2025-05-21 07:42:25] Página carregou parcialmente, mas sem elementos de grade
[2025-05-21 07:42:25] Coletando programação para o dia 2025-05-21
[2025-05-21 07:42:25] Coletando todos os horários para 2025-05-21
[2025-05-21 07:42:25] Não foi possível identificar o horário atual
[2025-05-21 07:42:30] Botão de próximo horário não encontrado, finalizando coleta do dia
[2025-05-21 07:42:30] Coletando programação para o dia 2025-05-22
[2025-05-21 07:42:30] Navegando para a data: 2025-05-22
[2025-05-21 07:42:30] Acessando https://www.tvguide.com/listings/?date=2025-05-22
[2025-05-21 07:42:37] Página carregada com sucesso: título 'TV Guide, TV Listings, Online Videos, Entertainment News and Celebrity News - TV Guide'
[2025-05-21 07:42:37] Página carregou parcialmente, mas sem elementos de grade
[2025-05-21 07:42:37] Navegação para data 2025-05-22 bem-sucedida via URL
[2025-05-21 07:42:37] Coletando todos os horários para 2025-05-22
[2025-05-21 07:42:37] Não foi possível identificar o horário atual
[2025-05-21 07:42:42] Botão de próximo horário não encontrado, finalizando coleta do dia
[2025-05-21 07:42:42] Coletando programação para o dia 2025-05-23
[2025-05-21 07:42:42] Navegando para a data: 2025-05-23
[2025-05-21 07:42:42] Acessando https://www.tvguide.com/listings/?date=2025-05-23
[2025-05-21 07:43:42] Erro ao acessar https://www.tvguide.com/listings/?date=2025-05-23 (tentativa 1/3): Message: timeout: Timed out receiving message from renderer: 59.801
  (Session info: chrome=136.0.7103.92)
Stacktrace:
#0 0x55956866178a <unknown>
#1 0x5595681040a0 <unknown>
#2 0x5595680ebea0 <unknown>
#3 0x5595680ebba2 <unknown>
#4 0x5595680e99ef <unknown>
#5 0x5595680ea31f <unknown>
#6 0x5595680f8f83 <unknown>
#7 0x5595681125ee <unknown>
#8 0x559568118e1b <unknown>
#9 0x5595680eaa30 <unknown>
#10 0x559568112347 <unknown>
#11 0x5595681a15ba <unknown>
#12 0x55956817b173 <unknown>
#13 0x559568147d4b <unknown>
#14 0x5595681489b1 <unknown>
#15 0x55956862693b <unknown>
#16 0x55956862a83a <unknown>
#17 0x55956860e692 <unknown>
#18 0x55956862b3c4 <unknown>
#19 0x5595685f34cf <unknown>
#20 0x55956864f568 <unknown>
#21 0x55956864f746 <unknown>
#22 0x5595686605f6 <unknown>
#23 0x7f345fa9caa4 <unknown>
#24 0x7f345fb29c3c <unknown>

[2025-05-21 07:43:42] Aguardando 5 segundos antes da próxima tentativa...
[2025-05-21 07:43:50] Página carregada com sucesso: título 'TV Guide, TV Listings, Online Videos, Entertainment News and Celebrity News - TV Guide'
[2025-05-21 07:43:50] Página carregou parcialmente, mas sem elementos de grade
[2025-05-21 07:43:50] Navegação para data 2025-05-23 bem-sucedida via URL
[2025-05-21 07:43:50] Coletando todos os horários para 2025-05-23
[2025-05-21 07:43:50] Não foi possível identificar o horário atual
[2025-05-21 07:43:55] Botão de próximo horário não encontrado, finalizando coleta do dia
[2025-05-21 07:43:55] Nenhum dado foi coletado. Usando dados de exemplo para testes.
[2025-05-21 07:43:55] Gerando dados de exemplo para garantir saída válida
[2025-05-21 07:43:55] Gerando arquivo XMLTV
[2025-05-21 07:43:55] Arquivo XMLTV gerado: /home/runner/work/JCTN/JCTN/tvguide_listings.xml
[2025-05-21 07:43:55] Comprimindo arquivo XML para /home/runner/work/JCTN/JCTN/tvguide_listings.xml.xz
[2025-05-21 07:43:55] Arquivo comprimido gerado: /home/runner/work/JCTN/JCTN/tvguide_listings.xml.xz
[2025-05-21 07:43:55] Dados brutos salvos em: /home/runner/work/JCTN/JCTN/tvguide_raw_data.json
[2025-05-21 08:33:08] Iniciando o processo de scraping do TVGuide.com
[2025-05-21 08:33:08] Verificando instalação do ChromeDriver...
[2025-05-21 08:33:08] ChromeDriver encontrado em: /usr/bin/chromedriver
[2025-05-21 08:33:08] Usando user agent: Mozilla/5.0 (Macintosh; Intel Mac OS X 10_15_7) AppleWebKit/605.1.15 (KHTML, like Gecko) Version/15.0 Safari/605.1.15
[2025-05-21 08:33:08] Inicializando o driver do Chrome...
[2025-05-21 08:33:10] Acessando https://www.tvguide.com/listings/
[2025-05-21 08:33:14] Página carregada com sucesso: título 'TV Guide, TV Listings, Online Videos, Entertainment News and Celebrity News - TV Guide'
[2025-05-21 08:33:14] Fechado pop-up: button[aria-label='Close']
[2025-05-21 08:33:31] Página carregou parcialmente, mas sem elementos de grade
[2025-05-21 08:33:31] Coletando programação para o dia 2025-05-21
[2025-05-21 08:33:31] Coletando todos os horários para 2025-05-21
[2025-05-21 08:33:31] Não foi possível identificar o horário atual
[2025-05-21 08:33:36] Botão de próximo horário não encontrado, finalizando coleta do dia
[2025-05-21 08:33:36] Coletando programação para o dia 2025-05-22
[2025-05-21 08:33:36] Navegando para a data: 2025-05-22
[2025-05-21 08:33:36] Acessando https://www.tvguide.com/listings/?date=2025-05-22
[2025-05-21 08:33:43] Página carregada com sucesso: título 'TV Guide, TV Listings, Online Videos, Entertainment News and Celebrity News - TV Guide'
[2025-05-21 08:33:44] Página carregou parcialmente, mas sem elementos de grade
[2025-05-21 08:33:44] Navegação para data 2025-05-22 bem-sucedida via URL
[2025-05-21 08:33:44] Coletando todos os horários para 2025-05-22
[2025-05-21 08:33:44] Não foi possível identificar o horário atual
[2025-05-21 08:33:49] Botão de próximo horário não encontrado, finalizando coleta do dia
[2025-05-21 08:33:49] Coletando programação para o dia 2025-05-23
[2025-05-21 08:33:49] Navegando para a data: 2025-05-23
[2025-05-21 08:33:49] Acessando https://www.tvguide.com/listings/?date=2025-05-23
[2025-05-21 08:33:56] Página carregada com sucesso: título 'TV Guide, TV Listings, Online Videos, Entertainment News and Celebrity News - TV Guide'
[2025-05-21 08:33:57] Página carregou parcialmente, mas sem elementos de grade
[2025-05-21 08:33:57] Navegação para data 2025-05-23 bem-sucedida via URL
[2025-05-21 08:33:57] Coletando todos os horários para 2025-05-23
[2025-05-21 08:33:57] Não foi possível identificar o horário atual
[2025-05-21 08:34:02] Botão de próximo horário não encontrado, finalizando coleta do dia
[2025-05-21 08:34:02] Nenhum dado foi coletado. Usando dados de exemplo para testes.
[2025-05-21 08:34:02] Gerando dados de exemplo para garantir saída válida
[2025-05-21 08:34:02] Gerando arquivo XMLTV
[2025-05-21 08:34:02] Arquivo XMLTV gerado: /home/runner/work/JCTN/JCTN/tvguide_listings.xml
[2025-05-21 08:34:02] Comprimindo arquivo XML para /home/runner/work/JCTN/JCTN/tvguide_listings.xml.xz
[2025-05-21 08:34:02] Arquivo comprimido gerado: /home/runner/work/JCTN/JCTN/tvguide_listings.xml.xz
[2025-05-21 08:34:02] Dados brutos salvos em: /home/runner/work/JCTN/JCTN/tvguide_raw_data.json
[2025-05-21 09:27:31] Iniciando o processo de scraping do TVGuide.com
[2025-05-21 09:27:31] Verificando instalação do ChromeDriver...
[2025-05-21 09:27:31] ChromeDriver encontrado em: /usr/bin/chromedriver
[2025-05-21 09:27:31] Usando user agent: Mozilla/5.0 (X11; Linux x86_64) AppleWebKit/537.36 (KHTML, like Gecko) Chrome/92.0.4515.107 Safari/537.36
[2025-05-21 09:27:31] Inicializando o driver do Chrome...
[2025-05-21 09:27:32] Acessando https://www.tvguide.com/listings/
[2025-05-21 09:27:36] Página carregada com sucesso: título 'TV Guide, TV Listings, Online Videos, Entertainment News and Celebrity News - TV Guide'
[2025-05-21 09:27:37] Fechado pop-up: button[aria-label='Close']
[2025-05-21 09:27:54] Página carregou parcialmente, mas sem elementos de grade
[2025-05-21 09:27:54] Coletando programação para o dia 2025-05-21
[2025-05-21 09:27:54] Coletando todos os horários para 2025-05-21
[2025-05-21 09:27:54] Não foi possível identificar o horário atual
[2025-05-21 09:27:59] Botão de próximo horário não encontrado, finalizando coleta do dia
[2025-05-21 09:27:59] Coletando programação para o dia 2025-05-22
[2025-05-21 09:27:59] Navegando para a data: 2025-05-22
[2025-05-21 09:27:59] Acessando https://www.tvguide.com/listings/?date=2025-05-22
[2025-05-21 09:28:03] Página carregada com sucesso: título 'TV Guide, TV Listings, Online Videos, Entertainment News and Celebrity News - TV Guide'
[2025-05-21 09:28:03] Página carregou parcialmente, mas sem elementos de grade
[2025-05-21 09:28:03] Navegação para data 2025-05-22 bem-sucedida via URL
[2025-05-21 09:28:03] Coletando todos os horários para 2025-05-22
[2025-05-21 09:28:03] Não foi possível identificar o horário atual
[2025-05-21 09:28:09] Botão de próximo horário não encontrado, finalizando coleta do dia
[2025-05-21 09:28:09] Coletando programação para o dia 2025-05-23
[2025-05-21 09:28:09] Navegando para a data: 2025-05-23
[2025-05-21 09:28:09] Acessando https://www.tvguide.com/listings/?date=2025-05-23
[2025-05-21 09:28:13] Página carregada com sucesso: título 'TV Guide, TV Listings, Online Videos, Entertainment News and Celebrity News - TV Guide'
[2025-05-21 09:28:13] Página carregou parcialmente, mas sem elementos de grade
[2025-05-21 09:28:13] Navegação para data 2025-05-23 bem-sucedida via URL
[2025-05-21 09:28:13] Coletando todos os horários para 2025-05-23
[2025-05-21 09:28:13] Não foi possível identificar o horário atual
[2025-05-21 09:28:18] Botão de próximo horário não encontrado, finalizando coleta do dia
[2025-05-21 09:28:18] Nenhum dado foi coletado. Usando dados de exemplo para testes.
[2025-05-21 09:28:18] Gerando dados de exemplo para garantir saída válida
[2025-05-21 09:28:18] Gerando arquivo XMLTV
[2025-05-21 09:28:18] Arquivo XMLTV gerado: /home/runner/work/JCTN/JCTN/tvguide_listings.xml
[2025-05-21 09:28:18] Comprimindo arquivo XML para /home/runner/work/JCTN/JCTN/tvguide_listings.xml.xz
[2025-05-21 09:28:18] Arquivo comprimido gerado: /home/runner/work/JCTN/JCTN/tvguide_listings.xml.xz
[2025-05-21 09:28:18] Dados brutos salvos em: /home/runner/work/JCTN/JCTN/tvguide_raw_data.json
[2025-05-21 09:45:20] Iniciando o processo de scraping do TVGuide.com
[2025-05-21 09:45:20] Verificando instalação do ChromeDriver...
[2025-05-21 09:45:20] ChromeDriver encontrado em: /usr/bin/chromedriver
[2025-05-21 09:45:20] Usando user agent: Mozilla/5.0 (Macintosh; Intel Mac OS X 10_15_7) AppleWebKit/605.1.15 (KHTML, like Gecko) Version/15.0 Safari/605.1.15
[2025-05-21 09:45:20] Inicializando o driver do Chrome...
[2025-05-21 09:45:36] Acessando https://www.tvguide.com/listings/
[2025-05-21 09:45:40] Página carregada com sucesso: título 'TV Guide, TV Listings, Online Videos, Entertainment News and Celebrity News - TV Guide'
[2025-05-21 09:45:40] Fechado pop-up: button[aria-label='Close']
[2025-05-21 09:45:58] Página carregou parcialmente, mas sem elementos de grade
[2025-05-21 09:45:58] Coletando programação para o dia 2025-05-21
[2025-05-21 09:45:58] Coletando todos os horários para 2025-05-21
[2025-05-21 09:45:58] Não foi possível identificar o horário atual
[2025-05-21 09:46:03] Botão de próximo horário não encontrado, finalizando coleta do dia
[2025-05-21 09:46:03] Coletando programação para o dia 2025-05-22
[2025-05-21 09:46:03] Navegando para a data: 2025-05-22
[2025-05-21 09:46:03] Acessando https://www.tvguide.com/listings/?date=2025-05-22
[2025-05-21 09:46:10] Página carregada com sucesso: título 'TV Guide, TV Listings, Online Videos, Entertainment News and Celebrity News - TV Guide'
[2025-05-21 09:46:10] Página carregou parcialmente, mas sem elementos de grade
[2025-05-21 09:46:10] Navegação para data 2025-05-22 bem-sucedida via URL
[2025-05-21 09:46:10] Coletando todos os horários para 2025-05-22
[2025-05-21 09:46:10] Não foi possível identificar o horário atual
[2025-05-21 09:46:15] Botão de próximo horário não encontrado, finalizando coleta do dia
[2025-05-21 09:46:15] Coletando programação para o dia 2025-05-23
[2025-05-21 09:46:15] Navegando para a data: 2025-05-23
[2025-05-21 09:46:15] Acessando https://www.tvguide.com/listings/?date=2025-05-23
[2025-05-21 09:46:20] Página carregada com sucesso: título 'TV Guide, TV Listings, Online Videos, Entertainment News and Celebrity News - TV Guide'
[2025-05-21 09:46:22] Página carregou parcialmente, mas sem elementos de grade
[2025-05-21 09:46:22] Navegação para data 2025-05-23 bem-sucedida via URL
[2025-05-21 09:46:22] Coletando todos os horários para 2025-05-23
[2025-05-21 09:46:22] Não foi possível identificar o horário atual
[2025-05-21 09:46:27] Botão de próximo horário não encontrado, finalizando coleta do dia
[2025-05-21 09:46:27] Nenhum dado foi coletado. Usando dados de exemplo para testes.
[2025-05-21 09:46:27] Gerando dados de exemplo para garantir saída válida
[2025-05-21 09:46:27] Gerando arquivo XMLTV
[2025-05-21 09:46:27] Arquivo XMLTV gerado: /home/runner/work/JCTN/JCTN/tvguide_listings.xml
[2025-05-21 09:46:27] Comprimindo arquivo XML para /home/runner/work/JCTN/JCTN/tvguide_listings.xml.xz
[2025-05-21 09:46:27] Arquivo comprimido gerado: /home/runner/work/JCTN/JCTN/tvguide_listings.xml.xz
[2025-05-21 09:46:27] Dados brutos salvos em: /home/runner/work/JCTN/JCTN/tvguide_raw_data.json
[2025-05-21 10:27:28] Iniciando o processo de scraping do TVGuide.com
[2025-05-21 10:27:28] Verificando instalação do ChromeDriver...
[2025-05-21 10:27:28] ChromeDriver encontrado em: /usr/bin/chromedriver
[2025-05-21 10:27:28] Usando user agent: Mozilla/5.0 (Macintosh; Intel Mac OS X 10_15_7) AppleWebKit/605.1.15 (KHTML, like Gecko) Version/15.0 Safari/605.1.15
[2025-05-21 10:27:28] Inicializando o driver do Chrome...
[2025-05-21 10:27:34] Acessando https://www.tvguide.com/listings/
[2025-05-21 10:27:38] Página carregada com sucesso: título 'TV Guide, TV Listings, Online Videos, Entertainment News and Celebrity News - TV Guide'
[2025-05-21 10:27:38] Fechado pop-up: button[aria-label='Close']
[2025-05-21 10:27:55] Página carregou parcialmente, mas sem elementos de grade
[2025-05-21 10:27:55] Coletando programação para o dia 2025-05-21
[2025-05-21 10:27:55] Coletando todos os horários para 2025-05-21
[2025-05-21 10:27:55] Não foi possível identificar o horário atual
[2025-05-21 10:28:00] Botão de próximo horário não encontrado, finalizando coleta do dia
[2025-05-21 10:28:00] Coletando programação para o dia 2025-05-22
[2025-05-21 10:28:00] Navegando para a data: 2025-05-22
[2025-05-21 10:28:00] Acessando https://www.tvguide.com/listings/?date=2025-05-22
[2025-05-21 10:28:04] Página carregada com sucesso: título 'TV Guide, TV Listings, Online Videos, Entertainment News and Celebrity News - TV Guide'
[2025-05-21 10:28:04] Página carregou parcialmente, mas sem elementos de grade
[2025-05-21 10:28:04] Navegação para data 2025-05-22 bem-sucedida via URL
[2025-05-21 10:28:04] Coletando todos os horários para 2025-05-22
[2025-05-21 10:28:04] Não foi possível identificar o horário atual
[2025-05-21 10:28:09] Botão de próximo horário não encontrado, finalizando coleta do dia
[2025-05-21 10:28:09] Coletando programação para o dia 2025-05-23
[2025-05-21 10:28:09] Navegando para a data: 2025-05-23
[2025-05-21 10:28:09] Acessando https://www.tvguide.com/listings/?date=2025-05-23
[2025-05-21 10:28:13] Página carregada com sucesso: título 'TV Guide, TV Listings, Online Videos, Entertainment News and Celebrity News - TV Guide'
[2025-05-21 10:28:13] Página carregou parcialmente, mas sem elementos de grade
[2025-05-21 10:28:13] Navegação para data 2025-05-23 bem-sucedida via URL
[2025-05-21 10:28:13] Coletando todos os horários para 2025-05-23
[2025-05-21 10:28:13] Não foi possível identificar o horário atual
[2025-05-21 10:28:19] Botão de próximo horário não encontrado, finalizando coleta do dia
[2025-05-21 10:28:19] Nenhum dado foi coletado. Usando dados de exemplo para testes.
[2025-05-21 10:28:19] Gerando dados de exemplo para garantir saída válida
[2025-05-21 10:28:19] Gerando arquivo XMLTV
[2025-05-21 10:28:19] Arquivo XMLTV gerado: /home/runner/work/JCTN/JCTN/tvguide_listings.xml
[2025-05-21 10:28:19] Comprimindo arquivo XML para /home/runner/work/JCTN/JCTN/tvguide_listings.xml.xz
[2025-05-21 10:28:19] Arquivo comprimido gerado: /home/runner/work/JCTN/JCTN/tvguide_listings.xml.xz
[2025-05-21 10:28:19] Dados brutos salvos em: /home/runner/work/JCTN/JCTN/tvguide_raw_data.json
[2025-05-21 10:47:52] Iniciando o processo de scraping do TVGuide.com
[2025-05-21 10:47:52] Verificando instalação do ChromeDriver...
[2025-05-21 10:47:52] ChromeDriver encontrado em: /usr/bin/chromedriver
[2025-05-21 10:47:52] Usando user agent: Mozilla/5.0 (X11; Linux x86_64) AppleWebKit/537.36 (KHTML, like Gecko) Chrome/92.0.4515.107 Safari/537.36
[2025-05-21 10:47:52] Inicializando o driver do Chrome...
[2025-05-21 10:48:09] Acessando https://www.tvguide.com/listings/
[2025-05-21 10:48:13] Página carregada com sucesso: título 'TV Guide, TV Listings, Online Videos, Entertainment News and Celebrity News - TV Guide'
[2025-05-21 10:48:14] Fechado pop-up: button[aria-label='Close']
[2025-05-21 10:48:31] Página carregou parcialmente, mas sem elementos de grade
[2025-05-21 10:48:31] Coletando programação para o dia 2025-05-21
[2025-05-21 10:48:31] Coletando todos os horários para 2025-05-21
[2025-05-21 10:48:31] Não foi possível identificar o horário atual
[2025-05-21 10:48:36] Botão de próximo horário não encontrado, finalizando coleta do dia
[2025-05-21 10:48:36] Coletando programação para o dia 2025-05-22
[2025-05-21 10:48:36] Navegando para a data: 2025-05-22
[2025-05-21 10:48:36] Acessando https://www.tvguide.com/listings/?date=2025-05-22
[2025-05-21 10:48:39] Página carregada com sucesso: título 'TV Guide, TV Listings, Online Videos, Entertainment News and Celebrity News - TV Guide'
[2025-05-21 10:48:39] Página carregou parcialmente, mas sem elementos de grade
[2025-05-21 10:48:39] Navegação para data 2025-05-22 bem-sucedida via URL
[2025-05-21 10:48:39] Coletando todos os horários para 2025-05-22
[2025-05-21 10:48:39] Não foi possível identificar o horário atual
[2025-05-21 10:48:45] Botão de próximo horário não encontrado, finalizando coleta do dia
[2025-05-21 10:48:45] Coletando programação para o dia 2025-05-23
[2025-05-21 10:48:45] Navegando para a data: 2025-05-23
[2025-05-21 10:48:45] Acessando https://www.tvguide.com/listings/?date=2025-05-23
[2025-05-21 10:48:49] Página carregada com sucesso: título 'TV Guide, TV Listings, Online Videos, Entertainment News and Celebrity News - TV Guide'
[2025-05-21 10:48:49] Página carregou parcialmente, mas sem elementos de grade
[2025-05-21 10:48:49] Navegação para data 2025-05-23 bem-sucedida via URL
[2025-05-21 10:48:49] Coletando todos os horários para 2025-05-23
[2025-05-21 10:48:49] Não foi possível identificar o horário atual
[2025-05-21 10:48:54] Botão de próximo horário não encontrado, finalizando coleta do dia
[2025-05-21 10:48:54] Nenhum dado foi coletado. Usando dados de exemplo para testes.
[2025-05-21 10:48:54] Gerando dados de exemplo para garantir saída válida
[2025-05-21 10:48:54] Gerando arquivo XMLTV
[2025-05-21 10:48:54] Arquivo XMLTV gerado: /home/runner/work/JCTN/JCTN/tvguide_listings.xml
[2025-05-21 10:48:54] Comprimindo arquivo XML para /home/runner/work/JCTN/JCTN/tvguide_listings.xml.xz
[2025-05-21 10:48:54] Arquivo comprimido gerado: /home/runner/work/JCTN/JCTN/tvguide_listings.xml.xz
[2025-05-21 10:48:54] Dados brutos salvos em: /home/runner/work/JCTN/JCTN/tvguide_raw_data.json
[2025-05-21 11:20:47] Iniciando o processo de scraping do TVGuide.com
[2025-05-21 11:20:47] Verificando instalação do ChromeDriver...
[2025-05-21 11:20:47] ChromeDriver encontrado em: /usr/bin/chromedriver
[2025-05-21 11:20:47] Usando user agent: Mozilla/5.0 (Macintosh; Intel Mac OS X 10_15_7) AppleWebKit/605.1.15 (KHTML, like Gecko) Version/15.0 Safari/605.1.15
[2025-05-21 11:20:47] Inicializando o driver do Chrome...
[2025-05-21 11:20:48] Acessando https://www.tvguide.com/listings/
[2025-05-21 11:20:51] Página carregada com sucesso: título 'TV Guide, TV Listings, Online Videos, Entertainment News and Celebrity News - TV Guide'
[2025-05-21 11:20:53] Fechado pop-up: button[aria-label='Close']
[2025-05-21 11:21:09] Página carregou parcialmente, mas sem elementos de grade
[2025-05-21 11:21:09] Coletando programação para o dia 2025-05-21
[2025-05-21 11:21:09] Coletando todos os horários para 2025-05-21
[2025-05-21 11:21:09] Não foi possível identificar o horário atual
[2025-05-21 11:21:14] Botão de próximo horário não encontrado, finalizando coleta do dia
[2025-05-21 11:21:14] Coletando programação para o dia 2025-05-22
[2025-05-21 11:21:14] Navegando para a data: 2025-05-22
[2025-05-21 11:21:14] Acessando https://www.tvguide.com/listings/?date=2025-05-22
[2025-05-21 11:21:18] Página carregada com sucesso: título 'TV Guide, TV Listings, Online Videos, Entertainment News and Celebrity News - TV Guide'
[2025-05-21 11:21:18] Página carregou parcialmente, mas sem elementos de grade
[2025-05-21 11:21:18] Navegação para data 2025-05-22 bem-sucedida via URL
[2025-05-21 11:21:18] Coletando todos os horários para 2025-05-22
[2025-05-21 11:21:18] Não foi possível identificar o horário atual
[2025-05-21 11:21:23] Botão de próximo horário não encontrado, finalizando coleta do dia
[2025-05-21 11:21:23] Coletando programação para o dia 2025-05-23
[2025-05-21 11:21:23] Navegando para a data: 2025-05-23
[2025-05-21 11:21:23] Acessando https://www.tvguide.com/listings/?date=2025-05-23
[2025-05-21 11:21:26] Página carregada com sucesso: título 'TV Guide, TV Listings, Online Videos, Entertainment News and Celebrity News - TV Guide'
[2025-05-21 11:21:26] Página carregou parcialmente, mas sem elementos de grade
[2025-05-21 11:21:26] Navegação para data 2025-05-23 bem-sucedida via URL
[2025-05-21 11:21:26] Coletando todos os horários para 2025-05-23
[2025-05-21 11:21:26] Não foi possível identificar o horário atual
[2025-05-21 11:21:32] Botão de próximo horário não encontrado, finalizando coleta do dia
[2025-05-21 11:21:32] Nenhum dado foi coletado. Usando dados de exemplo para testes.
[2025-05-21 11:21:32] Gerando dados de exemplo para garantir saída válida
[2025-05-21 11:21:32] Gerando arquivo XMLTV
[2025-05-21 11:21:32] Arquivo XMLTV gerado: /home/runner/work/JCTN/JCTN/tvguide_listings.xml
[2025-05-21 11:21:32] Comprimindo arquivo XML para /home/runner/work/JCTN/JCTN/tvguide_listings.xml.xz
[2025-05-21 11:21:32] Arquivo comprimido gerado: /home/runner/work/JCTN/JCTN/tvguide_listings.xml.xz
[2025-05-21 11:21:32] Dados brutos salvos em: /home/runner/work/JCTN/JCTN/tvguide_raw_data.json
[2025-05-21 11:40:33] Iniciando o processo de scraping do TVGuide.com
[2025-05-21 11:40:33] Verificando instalação do ChromeDriver...
[2025-05-21 11:40:33] ChromeDriver encontrado em: /usr/bin/chromedriver
[2025-05-21 11:40:33] Usando user agent: Mozilla/5.0 (X11; Linux x86_64) AppleWebKit/537.36 (KHTML, like Gecko) Chrome/92.0.4515.107 Safari/537.36
[2025-05-21 11:40:33] Inicializando o driver do Chrome...
[2025-05-21 11:40:42] Acessando https://www.tvguide.com/listings/
[2025-05-21 11:40:46] Página carregada com sucesso: título 'TV Guide, TV Listings, Online Videos, Entertainment News and Celebrity News - TV Guide'
[2025-05-21 11:40:47] Fechado pop-up: button[aria-label='Close']
[2025-05-21 11:41:04] Página carregou parcialmente, mas sem elementos de grade
[2025-05-21 11:41:04] Coletando programação para o dia 2025-05-21
[2025-05-21 11:41:04] Coletando todos os horários para 2025-05-21
[2025-05-21 11:41:04] Não foi possível identificar o horário atual
[2025-05-21 11:41:09] Botão de próximo horário não encontrado, finalizando coleta do dia
[2025-05-21 11:41:09] Coletando programação para o dia 2025-05-22
[2025-05-21 11:41:09] Navegando para a data: 2025-05-22
[2025-05-21 11:41:09] Acessando https://www.tvguide.com/listings/?date=2025-05-22
[2025-05-21 11:41:12] Página carregada com sucesso: título 'TV Guide, TV Listings, Online Videos, Entertainment News and Celebrity News - TV Guide'
[2025-05-21 11:41:12] Página carregou parcialmente, mas sem elementos de grade
[2025-05-21 11:41:12] Navegação para data 2025-05-22 bem-sucedida via URL
[2025-05-21 11:41:12] Coletando todos os horários para 2025-05-22
[2025-05-21 11:41:12] Não foi possível identificar o horário atual
[2025-05-21 11:41:18] Botão de próximo horário não encontrado, finalizando coleta do dia
[2025-05-21 11:41:18] Coletando programação para o dia 2025-05-23
[2025-05-21 11:41:18] Navegando para a data: 2025-05-23
[2025-05-21 11:41:18] Acessando https://www.tvguide.com/listings/?date=2025-05-23
[2025-05-21 11:42:18] Erro ao acessar https://www.tvguide.com/listings/?date=2025-05-23 (tentativa 1/3): Message: timeout: Timed out receiving message from renderer: 59.876
  (Session info: chrome=136.0.7103.92)
Stacktrace:
#0 0x56433e31978a <unknown>
#1 0x56433ddbc0a0 <unknown>
#2 0x56433dda3ea0 <unknown>
#3 0x56433dda3ba2 <unknown>
#4 0x56433dda19ef <unknown>
#5 0x56433dda231f <unknown>
#6 0x56433ddb0f83 <unknown>
#7 0x56433ddca5ee <unknown>
#8 0x56433ddd0e1b <unknown>
#9 0x56433dda2a30 <unknown>
#10 0x56433ddca347 <unknown>
#11 0x56433de595ba <unknown>
#12 0x56433de33173 <unknown>
#13 0x56433ddffd4b <unknown>
#14 0x56433de009b1 <unknown>
#15 0x56433e2de93b <unknown>
#16 0x56433e2e283a <unknown>
#17 0x56433e2c6692 <unknown>
#18 0x56433e2e33c4 <unknown>
#19 0x56433e2ab4cf <unknown>
#20 0x56433e307568 <unknown>
#21 0x56433e307746 <unknown>
#22 0x56433e3185f6 <unknown>
#23 0x7fde0a89caa4 <unknown>
#24 0x7fde0a929c3c <unknown>

[2025-05-21 11:42:18] Aguardando 5 segundos antes da próxima tentativa...
[2025-05-21 11:42:26] Página carregada com sucesso: título 'TV Guide, TV Listings, Online Videos, Entertainment News and Celebrity News - TV Guide'
[2025-05-21 11:42:26] Página carregou parcialmente, mas sem elementos de grade
[2025-05-21 11:42:26] Navegação para data 2025-05-23 bem-sucedida via URL
[2025-05-21 11:42:26] Coletando todos os horários para 2025-05-23
[2025-05-21 11:42:26] Não foi possível identificar o horário atual
[2025-05-21 11:42:32] Botão de próximo horário não encontrado, finalizando coleta do dia
[2025-05-21 11:42:32] Nenhum dado foi coletado. Usando dados de exemplo para testes.
[2025-05-21 11:42:32] Gerando dados de exemplo para garantir saída válida
[2025-05-21 11:42:32] Gerando arquivo XMLTV
[2025-05-21 11:42:32] Arquivo XMLTV gerado: /home/runner/work/JCTN/JCTN/tvguide_listings.xml
[2025-05-21 11:42:32] Comprimindo arquivo XML para /home/runner/work/JCTN/JCTN/tvguide_listings.xml.xz
[2025-05-21 11:42:32] Arquivo comprimido gerado: /home/runner/work/JCTN/JCTN/tvguide_listings.xml.xz
[2025-05-21 11:42:32] Dados brutos salvos em: /home/runner/work/JCTN/JCTN/tvguide_raw_data.json
[2025-05-21 12:52:18] Iniciando o processo de scraping do TVGuide.com
[2025-05-21 12:52:18] Verificando instalação do ChromeDriver...
[2025-05-21 12:52:18] ChromeDriver encontrado em: /usr/bin/chromedriver
[2025-05-21 12:52:18] Usando user agent: Mozilla/5.0 (X11; Linux x86_64) AppleWebKit/537.36 (KHTML, like Gecko) Chrome/92.0.4515.107 Safari/537.36
[2025-05-21 12:52:18] Inicializando o driver do Chrome...
[2025-05-21 12:52:40] Acessando https://www.tvguide.com/listings/
[2025-05-21 12:52:45] Página carregada com sucesso: título 'TV Guide, TV Listings, Online Videos, Entertainment News and Celebrity News - TV Guide'
[2025-05-21 12:52:46] Fechado pop-up: button[aria-label='Close']
[2025-05-21 12:53:03] Página carregou parcialmente, mas sem elementos de grade
[2025-05-21 12:53:03] Coletando programação para o dia 2025-05-21
[2025-05-21 12:53:03] Coletando todos os horários para 2025-05-21
[2025-05-21 12:53:03] Não foi possível identificar o horário atual
[2025-05-21 12:53:08] Botão de próximo horário não encontrado, finalizando coleta do dia
[2025-05-21 12:53:08] Coletando programação para o dia 2025-05-22
[2025-05-21 12:53:08] Navegando para a data: 2025-05-22
[2025-05-21 12:53:08] Acessando https://www.tvguide.com/listings/?date=2025-05-22
[2025-05-21 12:53:14] Página carregada com sucesso: título 'TV Guide, TV Listings, Online Videos, Entertainment News and Celebrity News - TV Guide'
[2025-05-21 12:53:14] Página carregou parcialmente, mas sem elementos de grade
[2025-05-21 12:53:14] Navegação para data 2025-05-22 bem-sucedida via URL
[2025-05-21 12:53:14] Coletando todos os horários para 2025-05-22
[2025-05-21 12:53:14] Não foi possível identificar o horário atual
[2025-05-21 12:53:19] Botão de próximo horário não encontrado, finalizando coleta do dia
[2025-05-21 12:53:19] Coletando programação para o dia 2025-05-23
[2025-05-21 12:53:19] Navegando para a data: 2025-05-23
[2025-05-21 12:53:19] Acessando https://www.tvguide.com/listings/?date=2025-05-23
[2025-05-21 12:53:24] Página carregada com sucesso: título 'TV Guide, TV Listings, Online Videos, Entertainment News and Celebrity News - TV Guide'
[2025-05-21 12:53:24] Página carregou parcialmente, mas sem elementos de grade
[2025-05-21 12:53:24] Navegação para data 2025-05-23 bem-sucedida via URL
[2025-05-21 12:53:24] Coletando todos os horários para 2025-05-23
[2025-05-21 12:53:24] Não foi possível identificar o horário atual
[2025-05-21 12:53:29] Botão de próximo horário não encontrado, finalizando coleta do dia
[2025-05-21 12:53:29] Nenhum dado foi coletado. Usando dados de exemplo para testes.
[2025-05-21 12:53:29] Gerando dados de exemplo para garantir saída válida
[2025-05-21 12:53:29] Gerando arquivo XMLTV
[2025-05-21 12:53:29] Arquivo XMLTV gerado: /home/runner/work/JCTN/JCTN/tvguide_listings.xml
[2025-05-21 12:53:29] Comprimindo arquivo XML para /home/runner/work/JCTN/JCTN/tvguide_listings.xml.xz
[2025-05-21 12:53:29] Arquivo comprimido gerado: /home/runner/work/JCTN/JCTN/tvguide_listings.xml.xz
[2025-05-21 12:53:29] Dados brutos salvos em: /home/runner/work/JCTN/JCTN/tvguide_raw_data.json
